c:\users\dfros\source\repos\personal\summersplash\x64\debug\vc141.pdb
c:\users\dfros\source\repos\personal\summersplash\x64\debug\vc141.idb
c:\users\dfros\source\repos\personal\summersplash\x64\debug\window.obj
c:\users\dfros\source\repos\personal\summersplash\x64\debug\main.obj
c:\users\dfros\source\repos\personal\summersplash\x64\debug\menu.obj
c:\users\dfros\source\repos\personal\summersplash\x64\debug\levels.obj
c:\users\dfros\source\repos\personal\summersplash\x64\debug\core.obj
c:\users\dfros\source\repos\personal\x64\debug\summerfps.ilk
c:\users\dfros\source\repos\personal\x64\debug\summerfps.exe
c:\users\dfros\source\repos\personal\x64\debug\summerfps.pdb
c:\users\dfros\source\repos\personal\summersplash\x64\debug\summersplash.res
c:\users\dfros\source\repos\personal\summersplash\x64\debug\summerfps.tlog\cl.command.1.tlog
c:\users\dfros\source\repos\personal\summersplash\x64\debug\summerfps.tlog\cl.read.1.tlog
c:\users\dfros\source\repos\personal\summersplash\x64\debug\summerfps.tlog\cl.write.1.tlog
c:\users\dfros\source\repos\personal\summersplash\x64\debug\summerfps.tlog\link.command.1.tlog
c:\users\dfros\source\repos\personal\summersplash\x64\debug\summerfps.tlog\link.read.1.tlog
c:\users\dfros\source\repos\personal\summersplash\x64\debug\summerfps.tlog\link.write.1.tlog
c:\users\dfros\source\repos\personal\summersplash\x64\debug\summerfps.tlog\rc.command.1.tlog
c:\users\dfros\source\repos\personal\summersplash\x64\debug\summerfps.tlog\rc.read.1.tlog
c:\users\dfros\source\repos\personal\summersplash\x64\debug\summerfps.tlog\rc.write.1.tlog
